<?xml version="1.0" encoding="UTF-8"?>
<!-- Generated by org.testng.reporters.JUnitReportReporter -->
<testsuite skipped="0" hostname="DELL-PC" name="MavenFirstAnkita.MavenJava.SeleniumTest" tests="1" failures="0" timestamp="2020-05-10T03:15:57 IST" time="0.000" errors="0">
  <testcase name="SCR" time="0.000" classname="MavenFirstAnkita.MavenJava.SeleniumTest"/>
  <system-out/>
</testsuite> <!-- MavenFirstAnkita.MavenJava.SeleniumTest -->
