<?xml version="1.0" encoding="UTF-8"?>
<!-- Generated by org.testng.reporters.JUnitReportReporter -->
<testsuite skipped="0" hostname="DELL-PC" name="MavenFirstAnkita.MavenJava.APITest" tests="1" failures="0" timestamp="2020-05-10T03:38:19 IST" time="0.010" errors="0">
  <testcase name="Api" time="0.010" classname="MavenFirstAnkita.MavenJava.APITest"/>
  <system-out/>
</testsuite> <!-- MavenFirstAnkita.MavenJava.APITest -->
